<?xml version="1.0" encoding="UTF-8"?>
<!-- Generated by org.testng.reporters.JUnitXMLReporter -->
<testsuite hostname="CHENMACL55" ignored="0" name="TC_Cilents_Delete" tests="1" failures="1" timestamp="2022-04-05T18:13:57 IST" time="6.887" errors="0">
  <testcase name="DeleteCilents" time="1.457" classname="Test_Cases.TC_Cilents_Delete">
    <failure type="java.lang.AssertionError" message="expected [Cilent Deleted] but found [Client Deleted]">
      <![CDATA[java.lang.AssertionError: expected [Cilent Deleted] but found [Client Deleted]
at Object_Repository.Page_StatusofText.statusvalidate(Page_StatusofText.java:35)
at Test_Cases.TC_Cilents_Delete.DeleteCilents(TC_Cilents_Delete.java:30)
at java.util.ArrayList.forEach(ArrayList.java:1249)
... Removed 33 stack frames]]>
    </failure>
  </testcase> <!-- DeleteCilents -->
</testsuite> <!-- TC_Cilents_Delete -->
