<?xml version="1.0" encoding="UTF-8"?>
<!-- Generated by org.testng.reporters.JUnitXMLReporter -->
<testsuite hostname="CHENMACL55" ignored="0" name="TC_DeletePrinterCostFunctionality" tests="1" failures="1" timestamp="2022-05-26T13:32:28 IST" time="37.914" errors="0">
  <testcase name="DeleteItem" time="32.455" classname="Test_Cases.TC_PrinterCost_Delete">
    <failure type="java.lang.AssertionError" message="expected [Client Deleted] but found [Printer Cost Deleted]">
      <![CDATA[java.lang.AssertionError: expected [Client Deleted] but found [Printer Cost Deleted]
at Object_Repository.Page_StatusofText.statusvalidate(Page_StatusofText.java:38)
at Test_Cases.TC_PrinterCost_Delete.DeleteItem(TC_PrinterCost_Delete.java:37)
at java.util.ArrayList.forEach(ArrayList.java:1249)
... Removed 33 stack frames]]>
    </failure>
  </testcase> <!-- DeleteItem -->
</testsuite> <!-- TC_DeletePrinterCostFunctionality -->
