<?xml version="1.0" encoding="UTF-8"?>
<!-- Generated by org.testng.reporters.JUnitXMLReporter -->
<testsuite hostname="CHENMACL55" ignored="0" name="TC_LoginFunctionality" tests="2" failures="1" timestamp="2022-05-27T17:27:02 IST" time="1.112" errors="0">
  <testcase name="@BeforeTest delay" time="-1.653652621354E9" classname="testBase.BaseClass">
    <skipped/>
  </testcase> <!-- @BeforeTest delay -->
  <testcase name="Logintest" time="0.0" classname="Test_Cases.TC_Login">
    <skipped/>
  </testcase> <!-- Logintest -->
  <testcase name="Logintest" time="0.826" classname="Test_Cases.TC_Login">
    <failure type="java.lang.NullPointerException">
      <![CDATA[java.lang.NullPointerException
at testUtilities.ExtentReportManager.onTestSkipped(ExtentReportManager.java:98)
at java.util.ArrayList.forEach(ArrayList.java:1249)
... Removed 25 stack frames]]>
    </failure>
  </testcase> <!-- Logintest -->
</testsuite> <!-- TC_LoginFunctionality -->
