<?xml version="1.0" encoding="UTF-8"?>
<testng-results skipped="0" failed="0" ignored="0" total="1" passed="1">
  <reporter-output>
  </reporter-output>
  <suite name="Suite" duration-ms="1195" started-at="2022-03-01T13:18:02 IST" finished-at="2022-03-01T13:18:03 IST">
    <groups>
    </groups>
    <test name="Test" duration-ms="1195" started-at="2022-03-01T13:18:02 IST" finished-at="2022-03-01T13:18:03 IST">
      <class name="Test_Cases.TC_Login">
        <test-method status="PASS" signature="setup(java.lang.String,java.lang.String)[pri:0, instance:Test_Cases.TC_Login@52525845]" name="setup" is-config="true" duration-ms="4657" started-at="2022-03-01T13:17:57 IST" finished-at="2022-03-01T13:18:02 IST">
          <params>
            <param index="0">
              <value>
                <![CDATA[chrome]]>
              </value>
            </param>
            <param index="1">
              <value>
                <![CDATA[QAEnv]]>
              </value>
            </param>
          </params>
          <reporter-output>
          </reporter-output>
        </test-method> <!-- setup -->
        <test-method status="PASS" signature="Logintest(java.lang.String,java.lang.String,java.lang.String)[pri:0, instance:Test_Cases.TC_Login@52525845]" name="Logintest" duration-ms="391" started-at="2022-03-01T13:18:02 IST" data-provider="loginDataExcel" finished-at="2022-03-01T13:18:03 IST">
          <params>
            <param index="0">
              <value>
                <![CDATA[Admin]]>
              </value>
            </param>
            <param index="1">
              <value>
                <![CDATA[admintest@sgkinc.com]]>
              </value>
            </param>
            <param index="2">
              <value>
                <![CDATA[Welcome123!]]>
              </value>
            </param>
          </params>
          <reporter-output>
          </reporter-output>
        </test-method> <!-- Logintest -->
        <test-method status="PASS" signature="tearDown()[pri:0, instance:Test_Cases.TC_Login@52525845]" name="tearDown" is-config="true" duration-ms="118" started-at="2022-03-01T13:18:03 IST" finished-at="2022-03-01T13:18:03 IST">
          <reporter-output>
          </reporter-output>
        </test-method> <!-- tearDown -->
      </class> <!-- Test_Cases.TC_Login -->
    </test> <!-- Test -->
  </suite> <!-- Suite -->
</testng-results>
